@00000003
2B4124232B3126232B2128232A912A232A812C232A112E23D401011384000137
090009130010049306F1202303C00793EFFD0D13DEFFED372BA120232B512223
0004851300C0059300050413414080E7000000970004851300C00593FFF48A13
0024141300A7843300078713002717930087073300141713420080E700000097
00C00593000509933D0080E700000097000A051300C00593008784332A010793
00A787B3000787130027179301370733001997133DC080E700000097000A0513
01D505130290059340F5053300379513DC07A78300F707B32A01071300279793
2A0109130001099306010413F52498E300148493DCA4202332C080E700000097
00050E9300B4A22300A4A0231AC080E7000000970004051300C0059300098493
00000A13000004930000091300100413FD241CE3008484930304041300058F13
00A4873334C080E70000009700090593000405130049A6830009A60300D00A93
001407930089899300078A13000704930007869300D787B300BA06B3009737B3
00F49663FA078793048F67B7FA091AE3FB579CE301270933000784130087B733
00078D1300D78793600D67B700C0006F0DE787930BADC7B700F6886301200793
00058493009122230081242300112623FF01011304078C6300B567B30000006F
0340006F000504930404926302050C6300078493000585130005079300B55863
0140006FFE0414E30005041300040493204080E7000000970004851300040593
00000097000485930180006F000485130200006F000485130000806700100513
0000806701010113004124830081240300C12083FD1FF06F000504131D0080E7
F4C080E7000000970005849300050413009122230081242300112623FF010113
0000009741F5559341F4569300040613110080E7000000970004851300050593
FF010113040588630000806701010113004124830081240300C12083204080E7
0010071341F55593000525030005879300050493009122230081242300112623
00440413F6C080E7000000970004258300F484B3002797930044841302F75A63
004124830081240300C1208300008067FFF00593FFF005130100006FFE9418E3
00A5E8630017979300159593001007930605C06304A5FE630000806701010113
40B5053300B5666300000713FE05D2E30207846300C0006F02078A6300078713
0007051300061E63000787130080006FFE0796E30015D5930017D79300F76733
00112623FF01011300008067FC5FF06F00100793FCDFF06F0010079300008067
000000970000061304C0006F40A0053300C0006F0405C46340A0053302055C63
00000613FE05D8E302C0006FF5C080E70000009700000613FEDFF06FF6C080E7
F30080E70000009740B005B300000613FC5FF06FF44080E70000009740B005B3
00B7C5B341F5D7930205546300112623FF010113000080670101011300C12083
41F5D79301C0006F40A00533EFC080E70000009740A0053340F585B300100613
000080670101011300C12083EDC080E70000009740F585B30010061300B7C5B3
000080670101011300C12083EBC080E7000000970000061300112623FF010113
000080670101011300C12083E9C080E7000000970010061300112623FF010113
0018F79300000593000005130607846300B567B3000507930005831300050893
01F31713000785130005871300E505B300D5873300A7B53300C507B300078E63
000806930016971301F65813000E03130007889300135E1300F767B30018D793
0000806700008067FA0716E301C7E733000787130016161300E866B3
